{"LEVEL":"INFO","TIME":"2023-05-11T16:33:03.457+0700","CALLER":"logger/logger.go:212","FUNC":"example/web-service-gin/pkg/logger.(*logger).Infof","MESSAGE":"Preload:[roles]","UUID":"ff88c2ec-b891-4e1d-8a9e-d83409749b4f"}
{"LEVEL":"ERROR","TIME":"2023-05-11T16:33:19.513+0700","CALLER":"logger/logger.go:232","FUNC":"example/web-service-gin/pkg/logger.(*logger).Error","MESSAGE":"Error: roles: unsupported relations for schema User","UUID":"ff88c2ec-b891-4e1d-8a9e-d83409749b4f"}
{"LEVEL":"INFO","TIME":"2023-05-11T16:33:30.383+0700","CALLER":"logger/logger.go:200","FUNC":"example/web-service-gin/pkg/logger.(*logger).Info","MESSAGE":"/query: Log Duration 39.34003s\n","UUID":"ff88c2ec-b891-4e1d-8a9e-d83409749b4f"}
{"LEVEL":"INFO","TIME":"2023-05-12T10:25:12.696+0700","CALLER":"logger/logger.go:212","FUNC":"example/web-service-gin/pkg/logger.(*logger).Infof","MESSAGE":"Preload:[]","UUID":"a8a600b5-5c93-4f5b-a3af-88b5b34afc4f"}
{"LEVEL":"INFO","TIME":"2023-05-12T10:27:17.594+0700","CALLER":"logger/logger.go:212","FUNC":"example/web-service-gin/pkg/logger.(*logger).Infof","MESSAGE":"Preload:[]","UUID":"67033484-806c-4bb6-a0da-ae747340e99a"}
{"LEVEL":"INFO","TIME":"2023-05-12T10:28:48.994+0700","CALLER":"logger/logger.go:212","FUNC":"example/web-service-gin/pkg/logger.(*logger).Infof","MESSAGE":"Preload:[]","UUID":"d3798554-087f-42a0-87ef-9cea1f3399ff"}
{"LEVEL":"INFO","TIME":"2023-05-12T14:03:01.617+0700","CALLER":"logger/logger.go:212","FUNC":"example/web-service-gin/pkg/logger.(*logger).Infof","MESSAGE":"Preload:[Role]","UUID":"b1b5eff9-dfd9-4c4b-9eca-25b53accb447"}
{"LEVEL":"INFO","TIME":"2023-05-12T15:53:09.583+0700","CALLER":"logger/logger.go:212","FUNC":"example/web-service-gin/pkg/logger.(*logger).Infof","MESSAGE":"Preload:[Role]","UUID":"e2485a81-f788-41e1-a0ba-314af6283c84"}
{"LEVEL":"INFO","TIME":"2023-05-12T15:54:27.918+0700","CALLER":"logger/logger.go:212","FUNC":"example/web-service-gin/pkg/logger.(*logger).Infof","MESSAGE":"Preload:[Role]","UUID":"2d1a9767-8391-4225-89ec-1ddcfcbe2ea5"}
{"LEVEL":"INFO","TIME":"2023-05-12T15:54:34.207+0700","CALLER":"logger/logger.go:212","FUNC":"example/web-service-gin/pkg/logger.(*logger).Infof","MESSAGE":"Preload:[]","UUID":"2d1a9767-8391-4225-89ec-1ddcfcbe2ea5"}
{"LEVEL":"INFO","TIME":"2023-05-12T15:54:40.459+0700","CALLER":"logger/logger.go:212","FUNC":"example/web-service-gin/pkg/logger.(*logger).Infof","MESSAGE":"Preload:[]","UUID":"2d1a9767-8391-4225-89ec-1ddcfcbe2ea5"}
{"LEVEL":"INFO","TIME":"2023-05-12T15:54:48.893+0700","CALLER":"logger/logger.go:212","FUNC":"example/web-service-gin/pkg/logger.(*logger).Infof","MESSAGE":"Preload:[]","UUID":"2d1a9767-8391-4225-89ec-1ddcfcbe2ea5"}
{"LEVEL":"INFO","TIME":"2023-05-12T15:54:56.576+0700","CALLER":"logger/logger.go:212","FUNC":"example/web-service-gin/pkg/logger.(*logger).Infof","MESSAGE":"Preload:[Role]","UUID":"2d1a9767-8391-4225-89ec-1ddcfcbe2ea5"}
{"LEVEL":"INFO","TIME":"2023-05-12T15:57:42.909+0700","CALLER":"logger/logger.go:212","FUNC":"example/web-service-gin/pkg/logger.(*logger).Infof","MESSAGE":"Preload:[Role]","UUID":"bb8dd888-e97a-4bda-8378-86c4552688dc"}
{"LEVEL":"INFO","TIME":"2023-05-12T15:58:54.023+0700","CALLER":"logger/logger.go:212","FUNC":"example/web-service-gin/pkg/logger.(*logger).Infof","MESSAGE":"Preload:[Role]","UUID":"bb8dd888-e97a-4bda-8378-86c4552688dc"}
{"LEVEL":"INFO","TIME":"2023-05-12T15:59:08.217+0700","CALLER":"logger/logger.go:212","FUNC":"example/web-service-gin/pkg/logger.(*logger).Infof","MESSAGE":"Preload:[Role]","UUID":"bb8dd888-e97a-4bda-8378-86c4552688dc"}
{"LEVEL":"INFO","TIME":"2023-05-12T16:00:30.956+0700","CALLER":"logger/logger.go:212","FUNC":"example/web-service-gin/pkg/logger.(*logger).Infof","MESSAGE":"Preload:[Role]","UUID":"caea588f-01c0-4163-af0d-ac5288d0e096"}
{"LEVEL":"INFO","TIME":"2023-05-12T16:00:39.440+0700","CALLER":"logger/logger.go:212","FUNC":"example/web-service-gin/pkg/logger.(*logger).Infof","MESSAGE":"Preload:[Role]","UUID":"caea588f-01c0-4163-af0d-ac5288d0e096"}
{"LEVEL":"INFO","TIME":"2023-05-12T16:00:41.917+0700","CALLER":"logger/logger.go:212","FUNC":"example/web-service-gin/pkg/logger.(*logger).Infof","MESSAGE":"Preload:[Role]","UUID":"caea588f-01c0-4163-af0d-ac5288d0e096"}
{"LEVEL":"INFO","TIME":"2023-05-12T16:05:20.582+0700","CALLER":"logger/logger.go:200","FUNC":"example/web-service-gin/pkg/logger.(*logger).Info","MESSAGE":"/query: Log Duration 1m5.0783561s\n","UUID":"7a768fb5-a9e4-4175-a662-4dc401282acc"}
{"LEVEL":"INFO","TIME":"2023-05-12T16:05:29.548+0700","CALLER":"logger/logger.go:212","FUNC":"example/web-service-gin/pkg/logger.(*logger).Infof","MESSAGE":"Preload:[Role]","UUID":"7a768fb5-a9e4-4175-a662-4dc401282acc"}
{"LEVEL":"INFO","TIME":"2023-05-12T16:05:30.422+0700","CALLER":"logger/logger.go:212","FUNC":"example/web-service-gin/pkg/logger.(*logger).Infof","MESSAGE":"Preload:[Role]","UUID":"7a768fb5-a9e4-4175-a662-4dc401282acc"}
{"LEVEL":"INFO","TIME":"2023-05-12T16:07:22.974+0700","CALLER":"logger/logger.go:200","FUNC":"example/web-service-gin/pkg/logger.(*logger).Info","MESSAGE":"/query: Log Duration 17.0995482s\n","UUID":"72cab63e-1ae7-4f07-a414-69de5a979e4d"}
{"LEVEL":"INFO","TIME":"2023-05-12T16:19:31.733+0700","CALLER":"logger/logger.go:200","FUNC":"example/web-service-gin/pkg/logger.(*logger).Info","MESSAGE":"/query: Log Duration 11.6403542s\n","UUID":"ec4e536d-4a63-4628-aee6-182e55be86dc"}
{"LEVEL":"INFO","TIME":"2023-05-12T16:57:24.653+0700","CALLER":"logger/logger.go:200","FUNC":"example/web-service-gin/pkg/logger.(*logger).Info","MESSAGE":"/query: Log Duration 1m28.3423367s\n","UUID":"135b8a05-04ec-4360-b70a-f15532dd94df"}
{"LEVEL":"INFO","TIME":"2023-05-12T17:05:52.175+0700","CALLER":"logger/logger.go:212","FUNC":"example/web-service-gin/pkg/logger.(*logger).Infof","MESSAGE":"Preload:[Role]","UUID":"3407150a-93b3-4511-bda7-49b302633c48"}
{"LEVEL":"INFO","TIME":"2023-05-12T17:05:53.617+0700","CALLER":"logger/logger.go:212","FUNC":"example/web-service-gin/pkg/logger.(*logger).Infof","MESSAGE":"Preload:[Role]","UUID":"3407150a-93b3-4511-bda7-49b302633c48"}
{"LEVEL":"INFO","TIME":"2023-05-12T17:05:56.057+0700","CALLER":"logger/logger.go:212","FUNC":"example/web-service-gin/pkg/logger.(*logger).Infof","MESSAGE":"Preload:[Role]","UUID":"3407150a-93b3-4511-bda7-49b302633c48"}
{"LEVEL":"INFO","TIME":"2023-05-12T17:07:17.407+0700","CALLER":"logger/logger.go:200","FUNC":"example/web-service-gin/pkg/logger.(*logger).Info","MESSAGE":"/query: Log Duration 56.2580527s\n","UUID":"3407150a-93b3-4511-bda7-49b302633c48"}
{"LEVEL":"INFO","TIME":"2023-05-12T17:07:21.718+0700","CALLER":"logger/logger.go:212","FUNC":"example/web-service-gin/pkg/logger.(*logger).Infof","MESSAGE":"Preload:[Role]","UUID":"3407150a-93b3-4511-bda7-49b302633c48"}
{"LEVEL":"INFO","TIME":"2023-05-12T17:07:23.232+0700","CALLER":"logger/logger.go:212","FUNC":"example/web-service-gin/pkg/logger.(*logger).Infof","MESSAGE":"Preload:[Role]","UUID":"3407150a-93b3-4511-bda7-49b302633c48"}
{"LEVEL":"INFO","TIME":"2023-05-12T17:07:23.894+0700","CALLER":"logger/logger.go:212","FUNC":"example/web-service-gin/pkg/logger.(*logger).Infof","MESSAGE":"Preload:[Role]","UUID":"3407150a-93b3-4511-bda7-49b302633c48"}
{"LEVEL":"INFO","TIME":"2023-05-12T17:07:24.352+0700","CALLER":"logger/logger.go:212","FUNC":"example/web-service-gin/pkg/logger.(*logger).Infof","MESSAGE":"Preload:[Role]","UUID":"3407150a-93b3-4511-bda7-49b302633c48"}
{"LEVEL":"INFO","TIME":"2023-05-12T17:07:24.535+0700","CALLER":"logger/logger.go:212","FUNC":"example/web-service-gin/pkg/logger.(*logger).Infof","MESSAGE":"Preload:[Role]","UUID":"3407150a-93b3-4511-bda7-49b302633c48"}
{"LEVEL":"INFO","TIME":"2023-05-12T17:07:24.708+0700","CALLER":"logger/logger.go:212","FUNC":"example/web-service-gin/pkg/logger.(*logger).Infof","MESSAGE":"Preload:[Role]","UUID":"3407150a-93b3-4511-bda7-49b302633c48"}
{"LEVEL":"INFO","TIME":"2023-05-12T17:19:10.071+0700","CALLER":"logger/logger.go:212","FUNC":"example/web-service-gin/pkg/logger.(*logger).Infof","MESSAGE":"Preload:[Role]","UUID":"99071382-3ad2-44f4-946e-9d92f4970d6a"}
