{"LEVEL":"INFO","TIME":"2023-05-11T16:33:03.457+0700","CALLER":"logger/logger.go:212","FUNC":"example/web-service-gin/pkg/logger.(*logger).Infof","MESSAGE":"Preload:[roles]","UUID":"ff88c2ec-b891-4e1d-8a9e-d83409749b4f"}
{"LEVEL":"ERROR","TIME":"2023-05-11T16:33:19.513+0700","CALLER":"logger/logger.go:232","FUNC":"example/web-service-gin/pkg/logger.(*logger).Error","MESSAGE":"Error: roles: unsupported relations for schema User","UUID":"ff88c2ec-b891-4e1d-8a9e-d83409749b4f"}
{"LEVEL":"INFO","TIME":"2023-05-11T16:33:30.383+0700","CALLER":"logger/logger.go:200","FUNC":"example/web-service-gin/pkg/logger.(*logger).Info","MESSAGE":"/query: Log Duration 39.34003s\n","UUID":"ff88c2ec-b891-4e1d-8a9e-d83409749b4f"}
{"LEVEL":"INFO","TIME":"2023-05-12T10:25:12.696+0700","CALLER":"logger/logger.go:212","FUNC":"example/web-service-gin/pkg/logger.(*logger).Infof","MESSAGE":"Preload:[]","UUID":"a8a600b5-5c93-4f5b-a3af-88b5b34afc4f"}
{"LEVEL":"INFO","TIME":"2023-05-12T10:27:17.594+0700","CALLER":"logger/logger.go:212","FUNC":"example/web-service-gin/pkg/logger.(*logger).Infof","MESSAGE":"Preload:[]","UUID":"67033484-806c-4bb6-a0da-ae747340e99a"}
{"LEVEL":"INFO","TIME":"2023-05-12T10:28:48.994+0700","CALLER":"logger/logger.go:212","FUNC":"example/web-service-gin/pkg/logger.(*logger).Infof","MESSAGE":"Preload:[]","UUID":"d3798554-087f-42a0-87ef-9cea1f3399ff"}
{"LEVEL":"INFO","TIME":"2023-05-12T14:03:01.617+0700","CALLER":"logger/logger.go:212","FUNC":"example/web-service-gin/pkg/logger.(*logger).Infof","MESSAGE":"Preload:[Role]","UUID":"b1b5eff9-dfd9-4c4b-9eca-25b53accb447"}
{"LEVEL":"INFO","TIME":"2023-05-12T15:53:09.583+0700","CALLER":"logger/logger.go:212","FUNC":"example/web-service-gin/pkg/logger.(*logger).Infof","MESSAGE":"Preload:[Role]","UUID":"e2485a81-f788-41e1-a0ba-314af6283c84"}
{"LEVEL":"INFO","TIME":"2023-05-12T15:54:27.918+0700","CALLER":"logger/logger.go:212","FUNC":"example/web-service-gin/pkg/logger.(*logger).Infof","MESSAGE":"Preload:[Role]","UUID":"2d1a9767-8391-4225-89ec-1ddcfcbe2ea5"}
{"LEVEL":"INFO","TIME":"2023-05-12T15:54:34.207+0700","CALLER":"logger/logger.go:212","FUNC":"example/web-service-gin/pkg/logger.(*logger).Infof","MESSAGE":"Preload:[]","UUID":"2d1a9767-8391-4225-89ec-1ddcfcbe2ea5"}
{"LEVEL":"INFO","TIME":"2023-05-12T15:54:40.459+0700","CALLER":"logger/logger.go:212","FUNC":"example/web-service-gin/pkg/logger.(*logger).Infof","MESSAGE":"Preload:[]","UUID":"2d1a9767-8391-4225-89ec-1ddcfcbe2ea5"}
{"LEVEL":"INFO","TIME":"2023-05-12T15:54:48.893+0700","CALLER":"logger/logger.go:212","FUNC":"example/web-service-gin/pkg/logger.(*logger).Infof","MESSAGE":"Preload:[]","UUID":"2d1a9767-8391-4225-89ec-1ddcfcbe2ea5"}
{"LEVEL":"INFO","TIME":"2023-05-12T15:54:56.576+0700","CALLER":"logger/logger.go:212","FUNC":"example/web-service-gin/pkg/logger.(*logger).Infof","MESSAGE":"Preload:[Role]","UUID":"2d1a9767-8391-4225-89ec-1ddcfcbe2ea5"}
{"LEVEL":"INFO","TIME":"2023-05-12T15:57:42.909+0700","CALLER":"logger/logger.go:212","FUNC":"example/web-service-gin/pkg/logger.(*logger).Infof","MESSAGE":"Preload:[Role]","UUID":"bb8dd888-e97a-4bda-8378-86c4552688dc"}
{"LEVEL":"INFO","TIME":"2023-05-12T15:58:54.023+0700","CALLER":"logger/logger.go:212","FUNC":"example/web-service-gin/pkg/logger.(*logger).Infof","MESSAGE":"Preload:[Role]","UUID":"bb8dd888-e97a-4bda-8378-86c4552688dc"}
{"LEVEL":"INFO","TIME":"2023-05-12T15:59:08.217+0700","CALLER":"logger/logger.go:212","FUNC":"example/web-service-gin/pkg/logger.(*logger).Infof","MESSAGE":"Preload:[Role]","UUID":"bb8dd888-e97a-4bda-8378-86c4552688dc"}
{"LEVEL":"INFO","TIME":"2023-05-12T16:00:30.956+0700","CALLER":"logger/logger.go:212","FUNC":"example/web-service-gin/pkg/logger.(*logger).Infof","MESSAGE":"Preload:[Role]","UUID":"caea588f-01c0-4163-af0d-ac5288d0e096"}
{"LEVEL":"INFO","TIME":"2023-05-12T16:00:39.440+0700","CALLER":"logger/logger.go:212","FUNC":"example/web-service-gin/pkg/logger.(*logger).Infof","MESSAGE":"Preload:[Role]","UUID":"caea588f-01c0-4163-af0d-ac5288d0e096"}
{"LEVEL":"INFO","TIME":"2023-05-12T16:00:41.917+0700","CALLER":"logger/logger.go:212","FUNC":"example/web-service-gin/pkg/logger.(*logger).Infof","MESSAGE":"Preload:[Role]","UUID":"caea588f-01c0-4163-af0d-ac5288d0e096"}
{"LEVEL":"INFO","TIME":"2023-05-12T16:05:20.582+0700","CALLER":"logger/logger.go:200","FUNC":"example/web-service-gin/pkg/logger.(*logger).Info","MESSAGE":"/query: Log Duration 1m5.0783561s\n","UUID":"7a768fb5-a9e4-4175-a662-4dc401282acc"}
{"LEVEL":"INFO","TIME":"2023-05-12T16:05:29.548+0700","CALLER":"logger/logger.go:212","FUNC":"example/web-service-gin/pkg/logger.(*logger).Infof","MESSAGE":"Preload:[Role]","UUID":"7a768fb5-a9e4-4175-a662-4dc401282acc"}
{"LEVEL":"INFO","TIME":"2023-05-12T16:05:30.422+0700","CALLER":"logger/logger.go:212","FUNC":"example/web-service-gin/pkg/logger.(*logger).Infof","MESSAGE":"Preload:[Role]","UUID":"7a768fb5-a9e4-4175-a662-4dc401282acc"}
{"LEVEL":"INFO","TIME":"2023-05-12T16:07:22.974+0700","CALLER":"logger/logger.go:200","FUNC":"example/web-service-gin/pkg/logger.(*logger).Info","MESSAGE":"/query: Log Duration 17.0995482s\n","UUID":"72cab63e-1ae7-4f07-a414-69de5a979e4d"}
{"LEVEL":"INFO","TIME":"2023-05-12T16:19:31.733+0700","CALLER":"logger/logger.go:200","FUNC":"example/web-service-gin/pkg/logger.(*logger).Info","MESSAGE":"/query: Log Duration 11.6403542s\n","UUID":"ec4e536d-4a63-4628-aee6-182e55be86dc"}
{"LEVEL":"INFO","TIME":"2023-05-12T16:57:24.653+0700","CALLER":"logger/logger.go:200","FUNC":"example/web-service-gin/pkg/logger.(*logger).Info","MESSAGE":"/query: Log Duration 1m28.3423367s\n","UUID":"135b8a05-04ec-4360-b70a-f15532dd94df"}
{"LEVEL":"INFO","TIME":"2023-05-12T17:05:52.175+0700","CALLER":"logger/logger.go:212","FUNC":"example/web-service-gin/pkg/logger.(*logger).Infof","MESSAGE":"Preload:[Role]","UUID":"3407150a-93b3-4511-bda7-49b302633c48"}
{"LEVEL":"INFO","TIME":"2023-05-12T17:05:53.617+0700","CALLER":"logger/logger.go:212","FUNC":"example/web-service-gin/pkg/logger.(*logger).Infof","MESSAGE":"Preload:[Role]","UUID":"3407150a-93b3-4511-bda7-49b302633c48"}
{"LEVEL":"INFO","TIME":"2023-05-12T17:05:56.057+0700","CALLER":"logger/logger.go:212","FUNC":"example/web-service-gin/pkg/logger.(*logger).Infof","MESSAGE":"Preload:[Role]","UUID":"3407150a-93b3-4511-bda7-49b302633c48"}
{"LEVEL":"INFO","TIME":"2023-05-12T17:07:17.407+0700","CALLER":"logger/logger.go:200","FUNC":"example/web-service-gin/pkg/logger.(*logger).Info","MESSAGE":"/query: Log Duration 56.2580527s\n","UUID":"3407150a-93b3-4511-bda7-49b302633c48"}
{"LEVEL":"INFO","TIME":"2023-05-12T17:07:21.718+0700","CALLER":"logger/logger.go:212","FUNC":"example/web-service-gin/pkg/logger.(*logger).Infof","MESSAGE":"Preload:[Role]","UUID":"3407150a-93b3-4511-bda7-49b302633c48"}
{"LEVEL":"INFO","TIME":"2023-05-12T17:07:23.232+0700","CALLER":"logger/logger.go:212","FUNC":"example/web-service-gin/pkg/logger.(*logger).Infof","MESSAGE":"Preload:[Role]","UUID":"3407150a-93b3-4511-bda7-49b302633c48"}
{"LEVEL":"INFO","TIME":"2023-05-12T17:07:23.894+0700","CALLER":"logger/logger.go:212","FUNC":"example/web-service-gin/pkg/logger.(*logger).Infof","MESSAGE":"Preload:[Role]","UUID":"3407150a-93b3-4511-bda7-49b302633c48"}
{"LEVEL":"INFO","TIME":"2023-05-12T17:07:24.352+0700","CALLER":"logger/logger.go:212","FUNC":"example/web-service-gin/pkg/logger.(*logger).Infof","MESSAGE":"Preload:[Role]","UUID":"3407150a-93b3-4511-bda7-49b302633c48"}
{"LEVEL":"INFO","TIME":"2023-05-12T17:07:24.535+0700","CALLER":"logger/logger.go:212","FUNC":"example/web-service-gin/pkg/logger.(*logger).Infof","MESSAGE":"Preload:[Role]","UUID":"3407150a-93b3-4511-bda7-49b302633c48"}
{"LEVEL":"INFO","TIME":"2023-05-12T17:07:24.708+0700","CALLER":"logger/logger.go:212","FUNC":"example/web-service-gin/pkg/logger.(*logger).Infof","MESSAGE":"Preload:[Role]","UUID":"3407150a-93b3-4511-bda7-49b302633c48"}
{"LEVEL":"INFO","TIME":"2023-05-12T17:19:10.071+0700","CALLER":"logger/logger.go:212","FUNC":"example/web-service-gin/pkg/logger.(*logger).Infof","MESSAGE":"Preload:[Role]","UUID":"99071382-3ad2-44f4-946e-9d92f4970d6a"}
{"LEVEL":"INFO","TIME":"2023-05-15T11:21:28.139+0700","CALLER":"logger/logger.go:200","FUNC":"example/web-service-gin/pkg/logger.(*logger).Info","MESSAGE":"Init service","UUID":"2df4bda9-964e-474e-a15e-196b5e5fc201"}
{"LEVEL":"INFO","TIME":"2023-05-15T11:22:30.022+0700","CALLER":"logger/logger.go:212","FUNC":"example/web-service-gin/pkg/logger.(*logger).Infof","MESSAGE":"Preload:[Role]","UUID":"2df4bda9-964e-474e-a15e-196b5e5fc201"}
{"LEVEL":"INFO","TIME":"2023-05-15T11:22:36.450+0700","CALLER":"logger/logger.go:212","FUNC":"example/web-service-gin/pkg/logger.(*logger).Infof","MESSAGE":"Preload:[Role]","UUID":"2df4bda9-964e-474e-a15e-196b5e5fc201"}
{"LEVEL":"INFO","TIME":"2023-05-15T11:22:49.387+0700","CALLER":"logger/logger.go:212","FUNC":"example/web-service-gin/pkg/logger.(*logger).Infof","MESSAGE":"Preload:[Role]","UUID":"2df4bda9-964e-474e-a15e-196b5e5fc201"}
{"LEVEL":"INFO","TIME":"2023-05-15T11:23:34.628+0700","CALLER":"logger/logger.go:212","FUNC":"example/web-service-gin/pkg/logger.(*logger).Infof","MESSAGE":"Preload:[Role]","UUID":"09242fde-ac68-4b66-9dad-78f75741d725"}
{"LEVEL":"INFO","TIME":"2023-05-15T11:46:05.378+0700","CALLER":"logger/logger.go:212","FUNC":"example/web-service-gin/pkg/logger.(*logger).Infof","MESSAGE":"Preload:[Role]","UUID":"64db036f-b163-4e97-ad63-e046583f705b"}
{"LEVEL":"INFO","TIME":"2023-05-15T15:21:05.825+0700","CALLER":"logger/logger.go:212","FUNC":"example/web-service-gin/pkg/logger.(*logger).Infof","MESSAGE":"Preload:[]","UUID":"db3ebdaa-eec3-4426-ac74-32ab5bdbe6b5"}
{"LEVEL":"INFO","TIME":"2023-05-15T16:22:17.449+0700","CALLER":"logger/logger.go:212","FUNC":"example/web-service-gin/pkg/logger.(*logger).Infof","MESSAGE":"Preload:[]","UUID":"8e5f7822-dc42-4eca-99c2-e370ad5acc4f"}
{"LEVEL":"INFO","TIME":"2023-05-15T16:22:31.886+0700","CALLER":"logger/logger.go:212","FUNC":"example/web-service-gin/pkg/logger.(*logger).Infof","MESSAGE":"Preload:[]","UUID":"0aa99da7-115e-46fd-92ca-3fec2145fbaa"}
{"LEVEL":"INFO","TIME":"2023-05-15T17:13:34.739+0700","CALLER":"logger/logger.go:200","FUNC":"example/web-service-gin/pkg/logger.(*logger).Info","MESSAGE":"/query: Log Duration 44.6228301s\n","UUID":"d1145d69-1529-4d66-aa07-6f2681a51376"}
{"LEVEL":"ERROR","TIME":"2023-05-15T17:17:02.264+0700","CALLER":"logger/logger.go:232","FUNC":"example/web-service-gin/pkg/logger.(*logger).Error","MESSAGE":"DB: ERROR: duplicate key value violates unique constraint \"users_pkey\" (SQLSTATE 23505)","UUID":"819b71dc-7168-4536-b61d-bbda8540754b"}
{"LEVEL":"ERROR","TIME":"2023-05-19T09:42:11.539+0700","CALLER":"logger/logger.go:232","FUNC":"example/web-service-gin/pkg/logger.(*logger).Error","MESSAGE":"DB: ERROR: duplicate key value violates unique constraint \"users_pkey\" (SQLSTATE 23505)","UUID":"c7ddd5ea-5098-468a-8eb0-cdc9ce3075ce"}
{"LEVEL":"INFO","TIME":"2023-05-19T09:42:32.251+0700","CALLER":"logger/logger.go:200","FUNC":"example/web-service-gin/pkg/logger.(*logger).Info","MESSAGE":"/query: Log Duration 29.2012359s\n","UUID":"c7ddd5ea-5098-468a-8eb0-cdc9ce3075ce"}
{"LEVEL":"ERROR","TIME":"2023-05-19T09:50:59.712+0700","CALLER":"logger/logger.go:232","FUNC":"example/web-service-gin/pkg/logger.(*logger).Error","MESSAGE":"DB: ERROR: duplicate key value violates unique constraint \"users_pkey\" (SQLSTATE 23505)","UUID":"51058f18-3685-458b-b2c0-60a615aba8e4"}
{"LEVEL":"INFO","TIME":"2023-05-19T09:51:11.681+0700","CALLER":"logger/logger.go:200","FUNC":"example/web-service-gin/pkg/logger.(*logger).Info","MESSAGE":"/query: Log Duration 39.5870242s\n","UUID":"51058f18-3685-458b-b2c0-60a615aba8e4"}
{"LEVEL":"INFO","TIME":"2023-05-19T09:52:00.586+0700","CALLER":"logger/logger.go:200","FUNC":"example/web-service-gin/pkg/logger.(*logger).Info","MESSAGE":"/query: Log Duration 25.1794339s\n","UUID":"51058f18-3685-458b-b2c0-60a615aba8e4"}
{"LEVEL":"ERROR","TIME":"2023-05-19T10:00:28.063+0700","CALLER":"logger/logger.go:232","FUNC":"example/web-service-gin/pkg/logger.(*logger).Error","MESSAGE":"DB: ERROR: duplicate key value violates unique constraint \"users_pkey\" (SQLSTATE 23505)","UUID":"08bbce8b-e8d2-450d-9d29-17ab2e6c77ae"}
{"LEVEL":"ERROR","TIME":"2023-05-19T10:00:49.187+0700","CALLER":"logger/logger.go:232","FUNC":"example/web-service-gin/pkg/logger.(*logger).Error","MESSAGE":"DB: ERROR: duplicate key value violates unique constraint \"users_pkey\" (SQLSTATE 23505)","UUID":"08bbce8b-e8d2-450d-9d29-17ab2e6c77ae"}
{"LEVEL":"INFO","TIME":"2023-05-19T16:32:13.776+0700","CALLER":"logger/logger.go:212","FUNC":"example/web-service-gin/pkg/logger.(*logger).Infof","MESSAGE":"Preload:[]","UUID":"53b69a29-b10d-4db7-9b31-d0710f5415ed"}
{"LEVEL":"INFO","TIME":"2023-05-22T13:55:20.344+0700","CALLER":"logger/logger.go:200","FUNC":"example/web-service-gin/pkg/logger.(*logger).Info","MESSAGE":"/query: Log Duration 30.8801031s\n","UUID":"4267736e-90d2-4b80-9c3f-514cb95a7443"}
{"LEVEL":"INFO","TIME":"2023-05-22T13:55:40.354+0700","CALLER":"logger/logger.go:200","FUNC":"example/web-service-gin/pkg/logger.(*logger).Info","MESSAGE":"/query: Log Duration 16.9381872s\n","UUID":"4267736e-90d2-4b80-9c3f-514cb95a7443"}
{"LEVEL":"INFO","TIME":"2023-05-22T13:58:10.562+0700","CALLER":"logger/logger.go:200","FUNC":"example/web-service-gin/pkg/logger.(*logger).Info","MESSAGE":"/query: Log Duration 15.9714819s\n","UUID":"caac84a3-d38a-4733-ae14-799ae4dd5782"}
{"LEVEL":"INFO","TIME":"2023-05-22T14:03:33.010+0700","CALLER":"logger/logger.go:200","FUNC":"example/web-service-gin/pkg/logger.(*logger).Info","MESSAGE":"/query: Log Duration 34.7892089s\n","UUID":"caac84a3-d38a-4733-ae14-799ae4dd5782"}
{"LEVEL":"INFO","TIME":"2023-05-22T14:34:17.069+0700","CALLER":"logger/logger.go:200","FUNC":"example/web-service-gin/pkg/logger.(*logger).Info","MESSAGE":"{thangdh1.com map[Email:{ sonvht@fsoft.com} Id:{ 12347} LastModifiedAt:{ 2023-05-22 14:33:27.6988425 +0700 +07 m=+5.907740301} Name:{ Test auditaaAaA} Password:{ 123} UpdatedBy:{ 0xc000060190}]}","UUID":"b6a4c919-6f96-4fee-8b4c-21e7d613873c"}
{"LEVEL":"INFO","TIME":"2023-05-22T14:34:17.071+0700","CALLER":"logger/logger.go:200","FUNC":"example/web-service-gin/pkg/logger.(*logger).Info","MESSAGE":"/query: Log Duration 49.4869617s\n","UUID":"b6a4c919-6f96-4fee-8b4c-21e7d613873c"}
{"LEVEL":"INFO","TIME":"2023-05-22T14:51:33.450+0700","CALLER":"logger/logger.go:200","FUNC":"example/web-service-gin/pkg/logger.(*logger).Info","MESSAGE":"{thangdh1.com map[]}","UUID":"15e98305-790f-429c-bc2a-bd26cc2ad016"}
{"LEVEL":"INFO","TIME":"2023-05-22T14:51:33.452+0700","CALLER":"logger/logger.go:200","FUNC":"example/web-service-gin/pkg/logger.(*logger).Info","MESSAGE":"/query: Log Duration 11.5595094s\n","UUID":"15e98305-790f-429c-bc2a-bd26cc2ad016"}
{"LEVEL":"INFO","TIME":"2023-05-22T15:03:43.556+0700","CALLER":"logger/logger.go:200","FUNC":"example/web-service-gin/pkg/logger.(*logger).Info","MESSAGE":"{thangdh1.com map[]}","UUID":"15e98305-790f-429c-bc2a-bd26cc2ad016"}
{"LEVEL":"INFO","TIME":"2023-05-22T15:03:43.557+0700","CALLER":"logger/logger.go:200","FUNC":"example/web-service-gin/pkg/logger.(*logger).Info","MESSAGE":"/query: Log Duration 12m7.1169608s\n","UUID":"15e98305-790f-429c-bc2a-bd26cc2ad016"}
{"LEVEL":"INFO","TIME":"2023-05-22T16:50:52.876+0700","CALLER":"logger/logger.go:200","FUNC":"example/web-service-gin/pkg/logger.(*logger).Info","MESSAGE":"/query: Log Duration 12.9788953s\n","UUID":"49ddc0b8-9027-43cb-9eed-c696f3b46838"}
{"LEVEL":"INFO","TIME":"2023-05-23T14:25:22.882+0700","CALLER":"logger/logger.go:212","FUNC":"example/web-service-gin/pkg/logger.(*logger).Infof","MESSAGE":"Preload:[]","UUID":"e92cecdf-c7d4-4b4a-aafb-31e34e2e339f"}
{"LEVEL":"INFO","TIME":"2023-05-23T14:25:59.706+0700","CALLER":"logger/logger.go:212","FUNC":"example/web-service-gin/pkg/logger.(*logger).Infof","MESSAGE":"Preload:[]","UUID":"e92cecdf-c7d4-4b4a-aafb-31e34e2e339f"}
{"LEVEL":"INFO","TIME":"2023-05-23T14:44:10.764+0700","CALLER":"logger/logger.go:212","FUNC":"example/web-service-gin/pkg/logger.(*logger).Infof","MESSAGE":"Preload:[]","UUID":"e92cecdf-c7d4-4b4a-aafb-31e34e2e339f"}
{"LEVEL":"INFO","TIME":"2023-05-23T14:44:42.853+0700","CALLER":"logger/logger.go:212","FUNC":"example/web-service-gin/pkg/logger.(*logger).Infof","MESSAGE":"Preload:[]","UUID":"e92cecdf-c7d4-4b4a-aafb-31e34e2e339f"}
{"LEVEL":"INFO","TIME":"2023-05-23T15:07:39.404+0700","CALLER":"logger/logger.go:212","FUNC":"example/web-service-gin/pkg/logger.(*logger).Infof","MESSAGE":"Preload:[]","UUID":"e92cecdf-c7d4-4b4a-aafb-31e34e2e339f"}
{"LEVEL":"INFO","TIME":"2023-05-23T15:19:01.739+0700","CALLER":"logger/logger.go:212","FUNC":"example/web-service-gin/pkg/logger.(*logger).Infof","MESSAGE":"Preload:[]","UUID":"25383cf9-ce13-4f53-833b-f95393d36fb9"}
{"LEVEL":"INFO","TIME":"2023-05-23T15:20:37.247+0700","CALLER":"logger/logger.go:212","FUNC":"example/web-service-gin/pkg/logger.(*logger).Infof","MESSAGE":"Preload:[]","UUID":"3f784402-37b5-4169-8b96-c07632fd5aa2"}
{"LEVEL":"INFO","TIME":"2023-05-23T15:20:40.150+0700","CALLER":"logger/logger.go:212","FUNC":"example/web-service-gin/pkg/logger.(*logger).Infof","MESSAGE":"Preload:[]","UUID":"3f784402-37b5-4169-8b96-c07632fd5aa2"}
{"LEVEL":"INFO","TIME":"2023-05-23T15:20:42.938+0700","CALLER":"logger/logger.go:212","FUNC":"example/web-service-gin/pkg/logger.(*logger).Infof","MESSAGE":"Preload:[]","UUID":"3f784402-37b5-4169-8b96-c07632fd5aa2"}
{"LEVEL":"INFO","TIME":"2023-05-23T15:21:37.373+0700","CALLER":"logger/logger.go:212","FUNC":"example/web-service-gin/pkg/logger.(*logger).Infof","MESSAGE":"Preload:[]","UUID":"3f784402-37b5-4169-8b96-c07632fd5aa2"}
{"LEVEL":"INFO","TIME":"2023-05-23T15:23:30.570+0700","CALLER":"logger/logger.go:212","FUNC":"example/web-service-gin/pkg/logger.(*logger).Infof","MESSAGE":"Preload:[]","UUID":"3f784402-37b5-4169-8b96-c07632fd5aa2"}
{"LEVEL":"INFO","TIME":"2023-05-23T15:23:57.790+0700","CALLER":"logger/logger.go:212","FUNC":"example/web-service-gin/pkg/logger.(*logger).Infof","MESSAGE":"Preload:[]","UUID":"3f784402-37b5-4169-8b96-c07632fd5aa2"}
{"LEVEL":"INFO","TIME":"2023-05-23T15:24:41.717+0700","CALLER":"logger/logger.go:212","FUNC":"example/web-service-gin/pkg/logger.(*logger).Infof","MESSAGE":"Preload:[]","UUID":"3f784402-37b5-4169-8b96-c07632fd5aa2"}
{"LEVEL":"INFO","TIME":"2023-05-23T15:25:01.479+0700","CALLER":"logger/logger.go:212","FUNC":"example/web-service-gin/pkg/logger.(*logger).Infof","MESSAGE":"Preload:[]","UUID":"3f784402-37b5-4169-8b96-c07632fd5aa2"}
{"LEVEL":"INFO","TIME":"2023-05-23T15:25:12.918+0700","CALLER":"logger/logger.go:212","FUNC":"example/web-service-gin/pkg/logger.(*logger).Infof","MESSAGE":"Preload:[]","UUID":"3f784402-37b5-4169-8b96-c07632fd5aa2"}
{"LEVEL":"INFO","TIME":"2023-05-23T15:26:28.344+0700","CALLER":"logger/logger.go:212","FUNC":"example/web-service-gin/pkg/logger.(*logger).Infof","MESSAGE":"Preload:[]","UUID":"3f784402-37b5-4169-8b96-c07632fd5aa2"}
{"LEVEL":"INFO","TIME":"2023-05-23T15:26:43.234+0700","CALLER":"logger/logger.go:200","FUNC":"example/web-service-gin/pkg/logger.(*logger).Info","MESSAGE":"/query: Log Duration 24.9910448s\n","UUID":"3f784402-37b5-4169-8b96-c07632fd5aa2"}
{"LEVEL":"INFO","TIME":"2023-05-23T15:26:59.098+0700","CALLER":"logger/logger.go:212","FUNC":"example/web-service-gin/pkg/logger.(*logger).Infof","MESSAGE":"Preload:[]","UUID":"3f784402-37b5-4169-8b96-c07632fd5aa2"}
{"LEVEL":"INFO","TIME":"2023-05-23T15:27:38.990+0700","CALLER":"logger/logger.go:212","FUNC":"example/web-service-gin/pkg/logger.(*logger).Infof","MESSAGE":"Preload:[]","UUID":"09832894-2fe5-469f-86f4-a5991187e56e"}
{"LEVEL":"INFO","TIME":"2023-05-23T15:28:09.692+0700","CALLER":"logger/logger.go:212","FUNC":"example/web-service-gin/pkg/logger.(*logger).Infof","MESSAGE":"Preload:[]","UUID":"09832894-2fe5-469f-86f4-a5991187e56e"}
{"LEVEL":"INFO","TIME":"2023-05-23T15:37:49.795+0700","CALLER":"logger/logger.go:212","FUNC":"example/web-service-gin/pkg/logger.(*logger).Infof","MESSAGE":"Preload:[]","UUID":"c39544de-440c-4c93-8cd6-0ff722e66a07"}
{"LEVEL":"INFO","TIME":"2023-05-23T15:38:04.621+0700","CALLER":"logger/logger.go:212","FUNC":"example/web-service-gin/pkg/logger.(*logger).Infof","MESSAGE":"Preload:[]","UUID":"c39544de-440c-4c93-8cd6-0ff722e66a07"}
{"LEVEL":"INFO","TIME":"2023-05-23T15:39:14.422+0700","CALLER":"logger/logger.go:212","FUNC":"example/web-service-gin/pkg/logger.(*logger).Infof","MESSAGE":"Preload:[]","UUID":"c39544de-440c-4c93-8cd6-0ff722e66a07"}
{"LEVEL":"INFO","TIME":"2023-05-23T15:39:15.879+0700","CALLER":"logger/logger.go:212","FUNC":"example/web-service-gin/pkg/logger.(*logger).Infof","MESSAGE":"Preload:[]","UUID":"c39544de-440c-4c93-8cd6-0ff722e66a07"}
{"LEVEL":"INFO","TIME":"2023-05-23T15:39:22.539+0700","CALLER":"logger/logger.go:212","FUNC":"example/web-service-gin/pkg/logger.(*logger).Infof","MESSAGE":"Preload:[]","UUID":"c39544de-440c-4c93-8cd6-0ff722e66a07"}
{"LEVEL":"INFO","TIME":"2023-05-23T15:39:40.952+0700","CALLER":"logger/logger.go:212","FUNC":"example/web-service-gin/pkg/logger.(*logger).Infof","MESSAGE":"Preload:[]","UUID":"c39544de-440c-4c93-8cd6-0ff722e66a07"}
{"LEVEL":"INFO","TIME":"2023-05-23T15:39:45.314+0700","CALLER":"logger/logger.go:212","FUNC":"example/web-service-gin/pkg/logger.(*logger).Infof","MESSAGE":"Preload:[]","UUID":"c39544de-440c-4c93-8cd6-0ff722e66a07"}
{"LEVEL":"INFO","TIME":"2023-05-23T15:39:58.855+0700","CALLER":"logger/logger.go:212","FUNC":"example/web-service-gin/pkg/logger.(*logger).Infof","MESSAGE":"Preload:[Role]","UUID":"c39544de-440c-4c93-8cd6-0ff722e66a07"}
{"LEVEL":"INFO","TIME":"2023-05-23T15:41:30.056+0700","CALLER":"logger/logger.go:212","FUNC":"example/web-service-gin/pkg/logger.(*logger).Infof","MESSAGE":"Preload:[]","UUID":"c39544de-440c-4c93-8cd6-0ff722e66a07"}
{"LEVEL":"INFO","TIME":"2023-05-23T16:04:11.468+0700","CALLER":"logger/logger.go:212","FUNC":"example/web-service-gin/pkg/logger.(*logger).Infof","MESSAGE":"Preload:[]","UUID":"c39544de-440c-4c93-8cd6-0ff722e66a07"}
{"LEVEL":"INFO","TIME":"2023-05-23T16:15:03.042+0700","CALLER":"logger/logger.go:212","FUNC":"example/web-service-gin/pkg/logger.(*logger).Infof","MESSAGE":"Preload:[]","UUID":"c39544de-440c-4c93-8cd6-0ff722e66a07"}
{"LEVEL":"INFO","TIME":"2023-05-23T16:16:49.797+0700","CALLER":"logger/logger.go:212","FUNC":"example/web-service-gin/pkg/logger.(*logger).Infof","MESSAGE":"Preload:[]","UUID":"c39544de-440c-4c93-8cd6-0ff722e66a07"}
{"LEVEL":"INFO","TIME":"2023-05-23T16:17:09.090+0700","CALLER":"logger/logger.go:212","FUNC":"example/web-service-gin/pkg/logger.(*logger).Infof","MESSAGE":"Preload:[]","UUID":"c39544de-440c-4c93-8cd6-0ff722e66a07"}
{"LEVEL":"INFO","TIME":"2023-05-23T16:17:18.615+0700","CALLER":"logger/logger.go:212","FUNC":"example/web-service-gin/pkg/logger.(*logger).Infof","MESSAGE":"Preload:[]","UUID":"c39544de-440c-4c93-8cd6-0ff722e66a07"}
{"LEVEL":"INFO","TIME":"2023-05-23T16:18:04.442+0700","CALLER":"logger/logger.go:212","FUNC":"example/web-service-gin/pkg/logger.(*logger).Infof","MESSAGE":"Preload:[]","UUID":"c39544de-440c-4c93-8cd6-0ff722e66a07"}
{"LEVEL":"INFO","TIME":"2023-05-23T16:20:28.772+0700","CALLER":"logger/logger.go:212","FUNC":"example/web-service-gin/pkg/logger.(*logger).Infof","MESSAGE":"Preload:[]","UUID":"c39544de-440c-4c93-8cd6-0ff722e66a07"}
{"LEVEL":"INFO","TIME":"2023-05-23T16:26:36.431+0700","CALLER":"logger/logger.go:212","FUNC":"example/web-service-gin/pkg/logger.(*logger).Infof","MESSAGE":"Preload:[Role]","UUID":"c39544de-440c-4c93-8cd6-0ff722e66a07"}
{"LEVEL":"INFO","TIME":"2023-05-23T16:26:55.237+0700","CALLER":"logger/logger.go:212","FUNC":"example/web-service-gin/pkg/logger.(*logger).Infof","MESSAGE":"Preload:[Role]","UUID":"c39544de-440c-4c93-8cd6-0ff722e66a07"}
{"LEVEL":"INFO","TIME":"2023-05-23T16:26:58.459+0700","CALLER":"logger/logger.go:212","FUNC":"example/web-service-gin/pkg/logger.(*logger).Infof","MESSAGE":"Preload:[Role]","UUID":"c39544de-440c-4c93-8cd6-0ff722e66a07"}
{"LEVEL":"INFO","TIME":"2023-05-23T16:27:01.835+0700","CALLER":"logger/logger.go:212","FUNC":"example/web-service-gin/pkg/logger.(*logger).Infof","MESSAGE":"Preload:[]","UUID":"c39544de-440c-4c93-8cd6-0ff722e66a07"}
{"LEVEL":"INFO","TIME":"2023-05-23T16:27:02.861+0700","CALLER":"logger/logger.go:212","FUNC":"example/web-service-gin/pkg/logger.(*logger).Infof","MESSAGE":"Preload:[Role]","UUID":"c39544de-440c-4c93-8cd6-0ff722e66a07"}
{"LEVEL":"INFO","TIME":"2023-05-23T16:27:04.838+0700","CALLER":"logger/logger.go:212","FUNC":"example/web-service-gin/pkg/logger.(*logger).Infof","MESSAGE":"Preload:[Role]","UUID":"c39544de-440c-4c93-8cd6-0ff722e66a07"}
{"LEVEL":"INFO","TIME":"2023-05-23T16:27:54.291+0700","CALLER":"logger/logger.go:212","FUNC":"example/web-service-gin/pkg/logger.(*logger).Infof","MESSAGE":"Preload:[Role]","UUID":"c39544de-440c-4c93-8cd6-0ff722e66a07"}
{"LEVEL":"INFO","TIME":"2023-05-23T16:28:10.899+0700","CALLER":"logger/logger.go:212","FUNC":"example/web-service-gin/pkg/logger.(*logger).Infof","MESSAGE":"Preload:[Role]","UUID":"c39544de-440c-4c93-8cd6-0ff722e66a07"}
{"LEVEL":"INFO","TIME":"2023-05-23T16:28:19.207+0700","CALLER":"logger/logger.go:212","FUNC":"example/web-service-gin/pkg/logger.(*logger).Infof","MESSAGE":"Preload:[Role]","UUID":"c39544de-440c-4c93-8cd6-0ff722e66a07"}
{"LEVEL":"INFO","TIME":"2023-05-23T16:29:43.813+0700","CALLER":"logger/logger.go:212","FUNC":"example/web-service-gin/pkg/logger.(*logger).Infof","MESSAGE":"Preload:[Role]","UUID":"c39544de-440c-4c93-8cd6-0ff722e66a07"}
{"LEVEL":"INFO","TIME":"2023-05-23T16:29:48.878+0700","CALLER":"logger/logger.go:212","FUNC":"example/web-service-gin/pkg/logger.(*logger).Infof","MESSAGE":"Preload:[]","UUID":"c39544de-440c-4c93-8cd6-0ff722e66a07"}
{"LEVEL":"INFO","TIME":"2023-05-23T16:30:31.999+0700","CALLER":"logger/logger.go:212","FUNC":"example/web-service-gin/pkg/logger.(*logger).Infof","MESSAGE":"Preload:[]","UUID":"c39544de-440c-4c93-8cd6-0ff722e66a07"}
{"LEVEL":"INFO","TIME":"2023-05-23T16:34:04.584+0700","CALLER":"logger/logger.go:212","FUNC":"example/web-service-gin/pkg/logger.(*logger).Infof","MESSAGE":"Preload:[]","UUID":"c39544de-440c-4c93-8cd6-0ff722e66a07"}
{"LEVEL":"INFO","TIME":"2023-05-23T16:34:12.192+0700","CALLER":"logger/logger.go:212","FUNC":"example/web-service-gin/pkg/logger.(*logger).Infof","MESSAGE":"Preload:[Role]","UUID":"c39544de-440c-4c93-8cd6-0ff722e66a07"}
{"LEVEL":"INFO","TIME":"2023-05-23T16:34:14.390+0700","CALLER":"logger/logger.go:212","FUNC":"example/web-service-gin/pkg/logger.(*logger).Infof","MESSAGE":"Preload:[Role]","UUID":"c39544de-440c-4c93-8cd6-0ff722e66a07"}
{"LEVEL":"INFO","TIME":"2023-05-23T16:36:59.278+0700","CALLER":"logger/logger.go:212","FUNC":"example/web-service-gin/pkg/logger.(*logger).Infof","MESSAGE":"Preload:[Role]","UUID":"c39544de-440c-4c93-8cd6-0ff722e66a07"}
{"LEVEL":"INFO","TIME":"2023-05-23T16:37:15.082+0700","CALLER":"logger/logger.go:212","FUNC":"example/web-service-gin/pkg/logger.(*logger).Infof","MESSAGE":"Preload:[]","UUID":"c39544de-440c-4c93-8cd6-0ff722e66a07"}
{"LEVEL":"INFO","TIME":"2023-05-23T16:37:16.132+0700","CALLER":"logger/logger.go:212","FUNC":"example/web-service-gin/pkg/logger.(*logger).Infof","MESSAGE":"Preload:[Role]","UUID":"c39544de-440c-4c93-8cd6-0ff722e66a07"}
{"LEVEL":"INFO","TIME":"2023-05-23T16:40:09.432+0700","CALLER":"logger/logger.go:212","FUNC":"example/web-service-gin/pkg/logger.(*logger).Infof","MESSAGE":"Preload:[Role]","UUID":"c39544de-440c-4c93-8cd6-0ff722e66a07"}
{"LEVEL":"INFO","TIME":"2023-05-23T16:40:24.395+0700","CALLER":"logger/logger.go:212","FUNC":"example/web-service-gin/pkg/logger.(*logger).Infof","MESSAGE":"Preload:[]","UUID":"c39544de-440c-4c93-8cd6-0ff722e66a07"}
{"LEVEL":"INFO","TIME":"2023-05-23T16:40:25.693+0700","CALLER":"logger/logger.go:212","FUNC":"example/web-service-gin/pkg/logger.(*logger).Infof","MESSAGE":"Preload:[Role]","UUID":"c39544de-440c-4c93-8cd6-0ff722e66a07"}
{"LEVEL":"INFO","TIME":"2023-05-23T16:41:18.761+0700","CALLER":"logger/logger.go:212","FUNC":"example/web-service-gin/pkg/logger.(*logger).Infof","MESSAGE":"Preload:[Role]","UUID":"c39544de-440c-4c93-8cd6-0ff722e66a07"}
{"LEVEL":"INFO","TIME":"2023-05-23T16:41:34.873+0700","CALLER":"logger/logger.go:212","FUNC":"example/web-service-gin/pkg/logger.(*logger).Infof","MESSAGE":"Preload:[Role]","UUID":"c39544de-440c-4c93-8cd6-0ff722e66a07"}
{"LEVEL":"INFO","TIME":"2023-05-23T16:41:38.991+0700","CALLER":"logger/logger.go:212","FUNC":"example/web-service-gin/pkg/logger.(*logger).Infof","MESSAGE":"Preload:[Role]","UUID":"c39544de-440c-4c93-8cd6-0ff722e66a07"}
{"LEVEL":"INFO","TIME":"2023-05-23T16:42:34.023+0700","CALLER":"logger/logger.go:212","FUNC":"example/web-service-gin/pkg/logger.(*logger).Infof","MESSAGE":"Preload:[Role]","UUID":"c39544de-440c-4c93-8cd6-0ff722e66a07"}
{"LEVEL":"INFO","TIME":"2023-05-23T16:42:40.488+0700","CALLER":"logger/logger.go:212","FUNC":"example/web-service-gin/pkg/logger.(*logger).Infof","MESSAGE":"Preload:[Role]","UUID":"c39544de-440c-4c93-8cd6-0ff722e66a07"}
{"LEVEL":"INFO","TIME":"2023-05-23T16:44:26.217+0700","CALLER":"logger/logger.go:212","FUNC":"example/web-service-gin/pkg/logger.(*logger).Infof","MESSAGE":"Preload:[]","UUID":"c39544de-440c-4c93-8cd6-0ff722e66a07"}
{"LEVEL":"INFO","TIME":"2023-05-23T16:44:27.766+0700","CALLER":"logger/logger.go:212","FUNC":"example/web-service-gin/pkg/logger.(*logger).Infof","MESSAGE":"Preload:[Role]","UUID":"c39544de-440c-4c93-8cd6-0ff722e66a07"}
{"LEVEL":"INFO","TIME":"2023-05-23T16:44:54.187+0700","CALLER":"logger/logger.go:212","FUNC":"example/web-service-gin/pkg/logger.(*logger).Infof","MESSAGE":"Preload:[Role]","UUID":"c39544de-440c-4c93-8cd6-0ff722e66a07"}
{"LEVEL":"INFO","TIME":"2023-05-23T16:46:17.396+0700","CALLER":"logger/logger.go:212","FUNC":"example/web-service-gin/pkg/logger.(*logger).Infof","MESSAGE":"Preload:[Role]","UUID":"c39544de-440c-4c93-8cd6-0ff722e66a07"}
{"LEVEL":"INFO","TIME":"2023-05-23T16:46:20.714+0700","CALLER":"logger/logger.go:212","FUNC":"example/web-service-gin/pkg/logger.(*logger).Infof","MESSAGE":"Preload:[]","UUID":"c39544de-440c-4c93-8cd6-0ff722e66a07"}
{"LEVEL":"INFO","TIME":"2023-05-23T16:46:21.585+0700","CALLER":"logger/logger.go:212","FUNC":"example/web-service-gin/pkg/logger.(*logger).Infof","MESSAGE":"Preload:[Role]","UUID":"c39544de-440c-4c93-8cd6-0ff722e66a07"}
{"LEVEL":"INFO","TIME":"2023-05-23T16:46:23.748+0700","CALLER":"logger/logger.go:212","FUNC":"example/web-service-gin/pkg/logger.(*logger).Infof","MESSAGE":"Preload:[Role]","UUID":"c39544de-440c-4c93-8cd6-0ff722e66a07"}
{"LEVEL":"INFO","TIME":"2023-05-23T16:46:25.865+0700","CALLER":"logger/logger.go:212","FUNC":"example/web-service-gin/pkg/logger.(*logger).Infof","MESSAGE":"Preload:[Role]","UUID":"c39544de-440c-4c93-8cd6-0ff722e66a07"}
{"LEVEL":"INFO","TIME":"2023-05-23T16:46:28.640+0700","CALLER":"logger/logger.go:212","FUNC":"example/web-service-gin/pkg/logger.(*logger).Infof","MESSAGE":"Preload:[Role]","UUID":"c39544de-440c-4c93-8cd6-0ff722e66a07"}
{"LEVEL":"INFO","TIME":"2023-05-23T16:51:26.617+0700","CALLER":"logger/logger.go:212","FUNC":"example/web-service-gin/pkg/logger.(*logger).Infof","MESSAGE":"Preload:[]","UUID":"c39544de-440c-4c93-8cd6-0ff722e66a07"}
